<html>
<body>
<pre>
<h1>µVision Build Log</h1>
<h2>Project:</h2>
E:\ARM\UART\UART0  (Monitoring switch pressed)\UART0.uvproj
Project File Date:  06/09/2025

<h2>Output:</h2>
Build target 'Target 1'
compiling UART0.c...
UART0.c(14): error:  #268: declaration may not appear after executable statement in block
      unsigned int prev_state = IOPIN0 & 0x78;  // Initial switch state
UART0.c(54): error:  #29: expected an expression
      for (volatile int i = 0; i < 100000; i++);  // Basic software delay
UART0.c(54): error:  #20: identifier "i" is undefined
      for (volatile int i = 0; i < 100000; i++);  // Basic software delay
UART0.c: 0 warnings, 3 errors
".\UART0.axf" - 3 Error(s), 0 Warning(s).
Target not created
</pre>
</body>
</html>
